<?xml version="1.0" encoding="UTF-8"?>
<testng-results ignored="0" total="2" passed="2" failed="0" skipped="0">
  <reporter-output>
  </reporter-output>
  <suite started-at="2025-04-30T12:28:28 IST" name="Master Suite" finished-at="2025-04-30T12:28:45 IST" duration-ms="17229">
    <groups>
      <group name="regression">
        <method signature="TC_001accountregister.verifyaccountpage()[pri:0, instance:testcases.TC_001accountregister@4145bad8]" name="verifyaccountpage" class="testcases.TC_001accountregister"/>
      </group> <!-- regression -->
      <group name="sanity">
        <method signature="TC_002login.accountlogin()[pri:0, instance:testcases.TC_002login@298a5e20]" name="accountlogin" class="testcases.TC_002login"/>
      </group> <!-- sanity -->
      <group name="master">
        <method signature="TC_001accountregister.verifyaccountpage()[pri:0, instance:testcases.TC_001accountregister@4145bad8]" name="verifyaccountpage" class="testcases.TC_001accountregister"/>
        <method signature="TC_002login.accountlogin()[pri:0, instance:testcases.TC_002login@298a5e20]" name="accountlogin" class="testcases.TC_002login"/>
      </group> <!-- master -->
    </groups>
    <test started-at="2025-04-30T12:28:28 IST" name="Test" finished-at="2025-04-30T12:28:45 IST" duration-ms="17229">
      <class name="testcases.TC_002login">
        <test-method is-config="true" signature="setup(java.lang.String,java.lang.String)[pri:0, instance:testcases.TC_002login@298a5e20]" started-at="2025-04-30T12:28:39 IST" name="setup" finished-at="2025-04-30T12:28:42 IST" duration-ms="3154" status="PASS">
          <params>
            <param index="0">
              <value>
                <![CDATA[windows]]>
              </value>
            </param>
            <param index="1">
              <value>
                <![CDATA[chrome]]>
              </value>
            </param>
          </params>
          <reporter-output>
          </reporter-output>
        </test-method> <!-- setup -->
        <test-method signature="accountlogin()[pri:0, instance:testcases.TC_002login@298a5e20]" started-at="2025-04-30T12:28:42 IST" name="accountlogin" finished-at="2025-04-30T12:28:45 IST" duration-ms="2599" status="PASS">
          <reporter-output>
          </reporter-output>
        </test-method> <!-- accountlogin -->
        <test-method is-config="true" signature="teardown()[pri:0, instance:testcases.TC_002login@298a5e20]" started-at="2025-04-30T12:28:45 IST" name="teardown" finished-at="2025-04-30T12:28:45 IST" duration-ms="542" status="PASS">
          <reporter-output>
          </reporter-output>
        </test-method> <!-- teardown -->
      </class> <!-- testcases.TC_002login -->
      <class name="testcases.TC_001accountregister">
        <test-method is-config="true" signature="setup(java.lang.String,java.lang.String)[pri:0, instance:testcases.TC_001accountregister@4145bad8]" started-at="2025-04-30T12:28:29 IST" name="setup" finished-at="2025-04-30T12:28:36 IST" duration-ms="7269" status="PASS">
          <params>
            <param index="0">
              <value>
                <![CDATA[windows]]>
              </value>
            </param>
            <param index="1">
              <value>
                <![CDATA[chrome]]>
              </value>
            </param>
          </params>
          <reporter-output>
          </reporter-output>
        </test-method> <!-- setup -->
        <test-method signature="verifyaccountpage()[pri:0, instance:testcases.TC_001accountregister@4145bad8]" started-at="2025-04-30T12:28:36 IST" name="verifyaccountpage" finished-at="2025-04-30T12:28:38 IST" duration-ms="2067" status="PASS">
          <reporter-output>
          </reporter-output>
        </test-method> <!-- verifyaccountpage -->
        <test-method is-config="true" signature="teardown()[pri:0, instance:testcases.TC_001accountregister@4145bad8]" started-at="2025-04-30T12:28:38 IST" name="teardown" finished-at="2025-04-30T12:28:39 IST" duration-ms="666" status="PASS">
          <reporter-output>
          </reporter-output>
        </test-method> <!-- teardown -->
      </class> <!-- testcases.TC_001accountregister -->
    </test> <!-- Test -->
  </suite> <!-- Master Suite -->
</testng-results>
